70 [1716] INFO perfrun.launcher <> - Launcher main begin
75 [1716] INFO perfrun.launcher <> - MessageCatalogInit finished
75 [1716] INFO perfrun.launcher <> - Launcher instance created
75 [1716] INFO perfrun.launcher <> - argc = 7; cmdline = D:\Program Files (x86)\Intel\oneAPI\vtune\2026.2\bin64\amplxe-runss.exe --ui-output-format xml --ui-output-fd 1068 --option-file D:\Users\35239\PycharmProjects\AI_Project\output\vtune_results\histogram_20k\config\runsa.options 
85 [1716] INFO perfrun.launcher <> - New signal handler callback was added
122 [1716] INFO perfrun.perfcollector <> - SEP tool path: D:\Program Files (x86)\Intel\oneAPI\vtune\2026.2\bin64\sep.exe
133 [1716] INFO perfrun.launcher <> - create msngr2::ICliToolContext
134 [1716] INFO perfrun.launcher <> - create file finder object
134 [1716] INFO perfrun.launcher <> - create a result directory: pattern = D:\Users\35239\PycharmProjects\AI_Project\output\vtune_results\histogram_20k pid = 4294967295
138 [1716] INFO perfrun.launcher <> - create data directory = D:\Users\35239\PycharmProjects\AI_Project\output\vtune_results\histogram_20k\data.0
139 [1716] INFO perfrun.launcher <> - Creating the master collection flag
146 [1716] INFO perfrun.launcher <> - Done creating the master collection flag
147 [5736] INFO perfrun.launcher <> - plugin [remoteplug] was disabled because it doesn't support the given collection type.
147 [5736] INFO perfrun.sdk <> - Allocating TMU :D:\Users\35239\PycharmProjects\AI_Project\output\vtune_results\histogram_20k\data.0\systemcollector-28384-ChouGrok.sc
148 [5736] INFO perfrun.launcher <> - plugin [] was disabled because it doesn't support the given collection type.
149 [5736] INFO perfrun.launcher <> - plugin [] was disabled because it doesn't support the given collection type.
149 [5736] INFO perfrun.launcher <> - plugin [gpu] was disabled because it doesn't support the given collection type.
149 [5736] INFO perfrun.launcher <> - plugin [etw.kernel] was disabled because it doesn't support the given collection type.
150 [5736] INFO perfrun.launcher <> - plugin [etw.dx] was disabled because it doesn't support the given collection type.
150 [5736] INFO perfrun.launcher <> - plugin [etw.wsa] was disabled because it doesn't support the given collection type.
150 [5736] INFO perfrun.mrte <> - system-wide mode is 0
150 [5736] INFO perfrun.mrte <> - Getting  mrte profiling environment ...
176 [5736] INFO perfrun.mrte <> - INTEL_MRTE_DATA_DIR=D:\Users\35239\PycharmProjects\AI_Project\output\vtune_results\histogram_20k\data.0
176 [5736] INFO perfrun.mrte <> - INTEL_MRTE_HOST_NAME=ChouGrok
176 [5736] INFO perfrun.mrte <> - JAVA_TOOL_OPTIONS=-agentlib:amplxe_samplingmrte_javaprof_1.0
176 [5736] INFO perfrun.mrte <> - PATH=D:\Program Files (x86)\Intel\oneAPI\vtune\2026.2\bin32\runtime;D:\Program Files (x86)\Intel\oneAPI\vtune\2026.2\bin64\runtime;C:\Program Files\NVIDIA GPU Computing Toolkit\CUDA\v12.8\bin;C:\Program Files\NVIDIA GPU Computing Toolkit\CUDA\v12.8\libnvvp;D:\Program Files (x86)\VMware\VMware Workstation\bin\;C:\Program Files\Common Files\Oracle\Java\javapath;C:\Windows\system32;C:\Windows\System32\Wbem;C:\Windows\System32\WindowsPowerShell\v1.0\;C:\Windows\System32\OpenSSH\;C:\Program Files (x86)\NVIDIA Corporation\PhysX\Common;D:\Program Files\MATLAB\R2022b\runtime\win64;D:\Program Files\MATLAB\R2022b\bin;C:\Program Files\Microsoft SQL Server\130\Tools\Binn\;C:\Program Files\nodejs;C:\Users\35239\AppData\Local\Huawei\ohpm\bin;D:\MinGW64\mingw64\mingw64\bin;C:\ProgramData\Microsoft\Windows\Start Menu\Programs\MySQL\MySQL Server 8.0;C:\Program Files\NVIDIA Corporation\NVIDIA app\NvDLISR;C:\Program Files\MySQL\MySQL Server 8.0\bin;D:\Git\cmd;"D:\Program Files\Java\jdk-17\bin;D:\cxdownload\apache-tomcat-11.0.4-windows-x64\apache-tomcat-11.0.4\bin";C:\Program Files\NVIDIA Corporation\Nsight Compute 2025.1.1\;C:\WINDOWS\system32;C:\WINDOWS;C:\WINDOWS\System32\Wbem;C:\WINDOWS\System32\WindowsPowerShell\v1.0\;C:\WINDOWS\System32\OpenSSH\;D:\apache-maven-3.9.9\apache-maven-3.9.9\bin;D:\35239\Android\SDK\platform-tools;D:\Windows Kits\10\Windows Performance Toolkit\;C:\Users\35239\AppData\Local\Microsoft\WindowsApps;D:\Program Files\LINGO64_21\;D:\Users\35239\AppData\Local\Programs\MiKTeX\miktex\bin\x64;D:\Program Files\cursor\resources\app\bin;GRADLE_USER_HOME=D:\GradleCache;D:\Program Files (x86)\NetSarang\Xshell 8\;D:\Program Files\PuTTY\;D:\Program Files\Calibre2\;C:\Program Files (x86)\STMicroelectronics\STM32 ST-LINK Utility\ST-LINK Utility;C:\Users\35239\AppData\Local\agy\bin;C:\Windows;C:\Program Files\NVIDIA Corporation\NVIDIA NvDLISR;D:\MinGW64\mingw64\mingw-w64-v11.0.0\mingw-w64-crt\crt;C:\Users\35239\AppData\Local\Programs\Python\Launcher\;%DevEco Studio%;C:\Users\35239\AppData\Roaming\npm;D:\Microsoft VS Code\bin;D:\Program Files\JetBrains\IntelliJ IDEA Community Edition 2024.3.4\bin;D:\Program Files\JetBrains\IntelliJ IDEA 2024.3.4\bin;D:\Program Files\OpenSSL-Win64\bin;D:\GlobalNodeModules;D:\JetBrains Gateway 2025.2.3\bin;D:\Users\35239\AppData\Local\Programs\MiKTeX\miktex\bin\x64\;D:\Users\35239\AppData\Local\Programs\Antigravity\bin;D:\Program Files\JetBrains\PyCharm 2025.3.3\bin;C:\Users\35239\.qoder\bin\qodercli;D:\Users\35239\AppData\Local\Programs\Qoder\bin;D:\Users\35239\AppData\Local\Programs\QoderCN\bin
176 [5736] INFO perfrun.mrte <> - COR_ENABLE_PROFILING=1
176 [5736] INFO perfrun.mrte <> - COR_PROFILER={AA5E4821-E3B1-479c-B7FF-5AD047D22CED}
176 [5736] INFO perfrun.mrte <> - COMPLUS_ProfAPI_ProfilerCompatibilitySetting=EnableV2Profiler
176 [5736] INFO perfrun.mrte <> - CORECLR_ENABLE_PROFILING=1
176 [5736] INFO perfrun.mrte <> - CORECLR_PROFILER={AA5E4821-E3B1-479c-B7FF-5AD047D22CED}
176 [5736] INFO perfrun.mrte <> - CORECLR_PROFILER_PATH=D:\Program Files (x86)\Intel\oneAPI\vtune\2026.2\bin64/amplxe_samplingmrte_clrprof_1.0.dll
176 [5736] INFO perfrun.mrte <> - INTEL_MRTE_PROFILER_MODE=mixed
176 [5736] INFO perfrun.mrte <> - Data directory: D:\Users\35239\PycharmProjects\AI_Project\output\vtune_results\histogram_20k\data.0
176 [5736] INFO perfrun.mrte <> - Mrte plugin is initialized
176 [5736] INFO perfrun.launcher <> - plugin [emon] was disabled because it doesn't support the given collection type.
176 [5736] INFO perfrun.launcher <> - plugin [cuscol] was disabled because it doesn't support the given collection type.
176 [5736] INFO perfrun.launcher <> - plugin [stdsrc] was disabled because it doesn't support the given collection type.
177 [5736] INFO perfrun.sdk <> - runCmd: "D:\Program Files (x86)\Intel\oneAPI\vtune\2026.2\bin64\sep.exe" -dry-run -ec CPU_CLK_UNHALTED.THREAD:sa=3187000,CPU_CLK_UNHALTED.REF_TSC:sample:sa=3187000,INST_RETIRED.ANY:sample:sa=3187000,CPU_CLK_UNHALTED.DISTRIBUTED:sa=3187000,OCR.DEMAND_DATA_RD.L3_HIT.SNOOP_HITM,OCR.DEMAND_DATA_RD.L3_HIT.SNOOP_HIT_WITH_FWD,OCR.DEMAND_RFO.L3_HIT.SNOOP_HITM,OCR.STREAMING_WR.ANY_RESPONSE,TOPDOWN.SLOTS_P,ARITH.DIVIDER_ACTIVE,ARITH.DIV_ACTIVE,ASSISTS.ANY,BR_INST_RETIRED.ALL_BRANCHES,BR_INST_RETIRED.NEAR_CALL,BR_MISP_RETIRED.ALL_BRANCHES,CPU_CLK_UNHALTED.C02,CPU_CLK_UNHALTED.THREAD_P,CYCLE_ACTIVITY.CYCLES_MEM_ANY,CYCLE_ACTIVITY.STALLS_TOTAL,DECODE.LCP,DSB2MITE_SWITCHES.PENALTY_CYCLES,DTLB_LOAD_MISSES.STLB_HIT:cmask=1,DTLB_LOAD_MISSES.WALK_ACTIVE,DTLB_STORE_MISSES.STLB_HIT:cmask=1,DTLB_STORE_MISSES.WALK_ACTIVE,EXE_ACTIVITY.1_PORTS_UTIL,EXE_ACTIVITY.2_3_PORTS_UTIL,EXE_ACTIVITY.2_PORTS_UTIL,EXE_ACTIVITY.BOUND_ON_LOADS,EXE_ACTIVITY.BOUND_ON_STORES,EXE_ACTIVITY.EXE_BOUND_0_PORTS,FP_ARITH_DISPATCHED.PORT_0,FP_ARITH_DISPATCHED.PORT_1,FP_ARITH_DISPATCHED.PORT_5,FP_ARITH_INST_RETIRED.128B_PACKED_DOUBLE:sa=2000003,FP_ARITH_INST_RETIRED.128B_PACKED_SINGLE:sa=2000003,FP_ARITH_INST_RETIRED.256B_PACKED_DOUBLE:sa=2000003,FP_ARITH_INST_RETIRED.256B_PACKED_SINGLE:sa=2000003,FP_ARITH_INST_RETIRED.4_FLOPS,FP_ARITH_INST_RETIRED.SCALAR,FP_ARITH_INST_RETIRED.SCALAR_DOUBLE:sa=2000003,FP_ARITH_INST_RETIRED.SCALAR_SINGLE:sa=2000003,FP_ARITH_INST_RETIRED.VECTOR,FRONTEND_RETIRED.DSB_MISS,FRONTEND_RETIRED.L2_MISS,FRONTEND_RETIRED.LATENCY_GE_16,FRONTEND_RETIRED.LATENCY_GE_4,FRONTEND_RETIRED.MS_FLOWS,FRONTEND_RETIRED.STLB_MISS,FRONTEND_RETIRED.UNKNOWN_BRANCH,ICACHE_DATA.STALLS,ICACHE_TAG.STALLS,IDQ.MS_CYCLES_ANY,IDQ_BUBBLES.CORE,IDQ_BUBBLES.CYCLES_0_UOPS_DELIV.CORE,INST_RETIRED.NOP,INST_RETIRED.REP_ITERATION,INT_MISC.CLEARS_COUNT,INT_MISC.CLEAR_RESTEER_CYCLES,INT_MISC.UNKNOWN_BRANCH_CYCLES,INT_MISC.UOP_DROPPING,L1D_PEND_MISS.FB_FULL,L1D_PEND_MISS.L2_STALLS,L1D_PEND_MISS.PENDING,L2_RQSTS.ALL_RFO,L2_RQSTS.RFO_HIT,LD_BLOCKS.NO_SR,LD_BLOCKS.STORE_FORWARD,MACHINE_CLEARS.COUNT,MACHINE_CLEARS.MEMORY_ORDERING,MEMORY_ACTIVITY.CYCLES_L1D_MISS,MEMORY_ACTIVITY.STALLS_L1D_MISS,MEMORY_ACTIVITY.STALLS_L2_MISS,MEMORY_ACTIVITY.STALLS_L3_MISS,MEM_INST_RETIRED.ALL_LOADS,MEM_INST_RETIRED.ALL_STORES,MEM_INST_RETIRED.LOCK_LOADS,MEM_INST_RETIRED.SPLIT_LOADS,MEM_INST_RETIRED.SPLIT_STORES,MEM_INST_RETIRED.STLB_MISS_LOADS,MEM_INST_RETIRED.STLB_MISS_STORES,MEM_LOAD_COMPLETED.L1_MISS_ANY,MEM_LOAD_L3_HIT_RETIRED.XSNP_FWD,MEM_LOAD_L3_HIT_RETIRED.XSNP_MISS,MEM_LOAD_L3_HIT_RETIRED.XSNP_NO_FWD,MEM_LOAD_RETIRED.FB_HIT,MEM_LOAD_RETIRED.L1_HIT,MEM_LOAD_RETIRED.L1_MISS,MEM_LOAD_RETIRED.L2_HIT,MEM_LOAD_RETIRED.L3_HIT,MEM_LOAD_RETIRED.L3_MISS,MEM_STORE_RETIRED.L2_HIT,OFFCORE_REQUESTS_OUTSTANDING.ALL_DATA_RD:cmask=4,OFFCORE_REQUESTS_OUTSTANDING.CYCLES_WITH_DATA_RD,OFFCORE_REQUESTS_OUTSTANDING.CYCLES_WITH_DEMAND_RFO,RESOURCE_STALLS.SCOREBOARD,RS.EMPTY_RESOURCE,TOPDOWN.BACKEND_BOUND_SLOTS,TOPDOWN.BR_MISPREDICT_SLOTS,TOPDOWN.MEMORY_BOUND_SLOTS,TOPDOWN.SLOTS,UOPS_EXECUTED.CYCLES_GE_3,UOPS_ISSUED.ANY,UOPS_RETIRED.HEAVY,UOPS_RETIRED.MS,UOPS_RETIRED.MS:cmask=1,UOPS_RETIRED.MS:cmask=1:e=yes,UOPS_RETIRED.SLOTS:sa=2000003,XQ.FULL_CYCLES,MEM_BOUND_STALLS.LOAD,MEM_BOUND_STALLS.LOAD_DRAM_HIT,MEM_BOUND_STALLS.LOAD_L2_HIT,MEM_BOUND_STALLS.LOAD_LLC_HIT,TOPDOWN_BE_BOUND.ALL,TOPDOWN_FE_BOUND.ALL,TOPDOWN_RETIRING.ALL,FRONTEND_RETIRED.ANY_DSB_MISS,FRONTEND_RETIRED.LATENCY_GE_2_BUBBLES_GE_1,IDQ.DSB_CYCLES_ANY,IDQ.DSB_CYCLES_OK,IDQ.DSB_UOPS,IDQ.MITE_CYCLES_ANY,IDQ.MITE_CYCLES_OK,INST_DECODED.DECODERS:cmask=1,INST_DECODED.DECODERS:cmask=2,ITLB_MISSES.WALK_ACTIVE,ITLB_MISSES.WALK_COMPLETED_2M_4M,ITLB_MISSES.WALK_COMPLETED_4K,LSD.CYCLES_ACTIVE,LSD.CYCLES_OK,LSD.UOPS,OFFCORE_REQUESTS_OUTSTANDING.CYCLES_WITH_DEMAND_CODE_RD,TOPDOWN_FE_BOUND.BRANCH_DETECT,TOPDOWN_FE_BOUND.BRANCH_RESTEER,TOPDOWN_FE_BOUND.CISC,TOPDOWN_FE_BOUND.DECODE,TOPDOWN_FE_BOUND.FRONTEND_LATENCY,TOPDOWN_FE_BOUND.ICACHE,TOPDOWN_FE_BOUND.ITLB,TOPDOWN_FE_BOUND.OTHER,TOPDOWN_FE_BOUND.PREDECODE,TOPDOWN_BAD_SPECULATION.FASTNUKE,TOPDOWN_BAD_SPECULATION.MISPREDICT,TOPDOWN_BAD_SPECULATION.NUKE,DTLB_LOAD_MISSES.WALK_COMPLETED_1G,DTLB_LOAD_MISSES.WALK_COMPLETED_2M_4M,DTLB_LOAD_MISSES.WALK_COMPLETED_4K,DTLB_STORE_MISSES.WALK_COMPLETED_1G,DTLB_STORE_MISSES.WALK_COMPLETED_2M_4M,DTLB_STORE_MISSES.WALK_COMPLETED_4K,LD_HEAD.L1_BOUND_AT_RET,LD_HEAD.WCB_FULL,MEM_SCHEDULER_BLOCK.ALL,MEM_SCHEDULER_BLOCK.ST_BUF,SERIALIZATION.C01_MS_SCB,SERIALIZATION.NON_C01_MS_SCB,TOPDOWN_BE_BOUND.ALLOC_RESTRICTIONS,TOPDOWN_BE_BOUND.MEM_SCHEDULER,TOPDOWN_BE_BOUND.SERIALIZATION,ARITH.FPDIV_ACTIVE,ASSISTS.SSE_AVX_MIX,CPU_CLK_UNHALTED.C01,CPU_CLK_UNHALTED.PAUSE,CPU_CLK_UNHALTED.PAUSE_INST,MISC2_RETIRED.LFENCE,UOPS_DISPATCHED.PORT_0,UOPS_DISPATCHED.PORT_1,UOPS_DISPATCHED.PORT_2_3_10,UOPS_DISPATCHED.PORT_4_9,UOPS_DISPATCHED.PORT_5_11,UOPS_DISPATCHED.PORT_6,UOPS_DISPATCHED.PORT_7_8,UOPS_EXECUTED.THREAD:sa=2000003,UOPS_EXECUTED.X87:sa=2000003,ASSISTS.FP,ASSISTS.PAGE_FAULT,INST_RETIRED.MACRO_FUSED,INT_VEC_RETIRED.ADD_128,INT_VEC_RETIRED.ADD_256,INT_VEC_RETIRED.MUL_256,INT_VEC_RETIRED.SHUFFLES,INT_VEC_RETIRED.VNNI_128,INT_VEC_RETIRED.VNNI_256,MEM_UOP_RETIRED.ANY,MEM_UOPS_RETIRED.ALL,MEM_UOPS_RETIRED.ALL_LOADS,MEM_UOPS_RETIRED.ALL_STORES,UOPS_RETIRED.FPDIV,UOPS_RETIRED.IDIV -experimental
184 [5736] INFO perfrun.sdk <> - runCmd started PID 10888
570 [5736] INFO perfrun.launcher <> - plugin [vtsspp] was disabled because it doesn't support the given collection type.
570 [5736] INFO perfrun.launcher <> - plugin [perf] was disabled because it doesn't support the given collection type.
570 [5736] INFO perfrun.launcher <> - plugin [aoclprofile] was disabled because it doesn't support the given collection type.
570 [5736] INFO perfrun.tpss <> - initialize tpss controller
570 [5736] INFO perfrun.launcher <> - plugin [tpss] was disabled because it doesn't support the given collection type.
570 [5736] INFO perfrun.launcher <> - plugin [] was disabled because it doesn't support the given collection type.
570 [5736] INFO perfrun.launcher <> - plugin [] was disabled because it doesn't support the given collection type.
570 [5736] INFO perfrun.launcher <> - plugin [] was disabled because it doesn't support the given collection type.
570 [5736] INFO perfrun.launcher <> - plugin [] was disabled because it doesn't support the given collection type.
570 [5736] INFO perfrun.launcher <> - plugin [power] was disabled because it doesn't support the given collection type.
570 [5736] INFO perfrun.launcher <> - plugin [] was disabled because it doesn't support the given collection type.
570 [5736] INFO perfrun.launcher <> - plugin [] was disabled because it doesn't support the given collection type.
570 [5736] INFO perfrun.launcher <> - plugin [] was disabled because it doesn't support the given collection type.
570 [5736] INFO perfrun.launcher <> - plugin [l0_metrics] was disabled because it doesn't support the given collection type.
570 [5736] INFO perfrun.launcher <> - plugin [stall_reasons] was disabled because it doesn't support the given collection type.
570 [1716] INFO perfrun.launcher <> - set environment variable: PATH = D:\Program Files (x86)\Intel\oneAPI\vtune\2026.2\bin32\runtime;D:\Program Files (x86)\Intel\oneAPI\vtune\2026.2\bin64\runtime;C:\Program Files\NVIDIA GPU Computing Toolkit\CUDA\v12.8\bin;C:\Program Files\NVIDIA GPU Computing Toolkit\CUDA\v12.8\libnvvp;D:\Program Files (x86)\VMware\VMware Workstation\bin\;C:\Program Files\Common Files\Oracle\Java\javapath;C:\Windows\system32;C:\Windows\System32\Wbem;C:\Windows\System32\WindowsPowerShell\v1.0\;C:\Windows\System32\OpenSSH\;C:\Program Files (x86)\NVIDIA Corporation\PhysX\Common;D:\Program Files\MATLAB\R2022b\runtime\win64;D:\Program Files\MATLAB\R2022b\bin;C:\Program Files\Microsoft SQL Server\130\Tools\Binn\;C:\Program Files\nodejs;C:\Users\35239\AppData\Local\Huawei\ohpm\bin;D:\MinGW64\mingw64\mingw64\bin;C:\ProgramData\Microsoft\Windows\Start Menu\Programs\MySQL\MySQL Server 8.0;C:\Program Files\NVIDIA Corporation\NVIDIA app\NvDLISR;C:\Program Files\MySQL\MySQL Server 8.0\bin;D:\Git\cmd;"D:\Program Files\Java\jdk-17\bin;D:\cxdownload\apache-tomcat-11.0.4-windows-x64\apache-tomcat-11.0.4\bin";C:\Program Files\NVIDIA Corporation\Nsight Compute 2025.1.1\;C:\WINDOWS\system32;C:\WINDOWS;C:\WINDOWS\System32\Wbem;C:\WINDOWS\System32\WindowsPowerShell\v1.0\;C:\WINDOWS\System32\OpenSSH\;D:\apache-maven-3.9.9\apache-maven-3.9.9\bin;D:\35239\Android\SDK\platform-tools;D:\Windows Kits\10\Windows Performance Toolkit\;C:\Users\35239\AppData\Local\Microsoft\WindowsApps;D:\Program Files\LINGO64_21\;D:\Users\35239\AppData\Local\Programs\MiKTeX\miktex\bin\x64;D:\Program Files\cursor\resources\app\bin;GRADLE_USER_HOME=D:\GradleCache;D:\Program Files (x86)\NetSarang\Xshell 8\;D:\Program Files\PuTTY\;D:\Program Files\Calibre2\;C:\Program Files (x86)\STMicroelectronics\STM32 ST-LINK Utility\ST-LINK Utility;C:\Users\35239\AppData\Local\agy\bin;C:\Windows;C:\Program Files\NVIDIA Corporation\NVIDIA NvDLISR;D:\MinGW64\mingw64\mingw-w64-v11.0.0\mingw-w64-crt\crt;C:\Users\35239\AppData\Local\Programs\Python\Launcher\;%DevEco Studio%;C:\Users\35239\AppData\Roaming\npm;D:\Microsoft VS Code\bin;D:\Program Files\JetBrains\IntelliJ IDEA Community Edition 2024.3.4\bin;D:\Program Files\JetBrains\IntelliJ IDEA 2024.3.4\bin;D:\Program Files\OpenSSL-Win64\bin;D:\GlobalNodeModules;D:\JetBrains Gateway 2025.2.3\bin;D:\Users\35239\AppData\Local\Programs\MiKTeX\miktex\bin\x64\;D:\Users\35239\AppData\Local\Programs\Antigravity\bin;D:\Program Files\JetBrains\PyCharm 2025.3.3\bin;C:\Users\35239\.qoder\bin\qodercli;D:\Users\35239\AppData\Local\Programs\Qoder\bin;D:\Users\35239\AppData\Local\Programs\QoderCN\bin
571 [1716] INFO perfrun.launcher <> - set environment variable: INTEL_LIBITTNOTIFY32 = D:\Program Files (x86)\Intel\oneAPI\vtune\2026.2\bin32\runtime\ittnotify_collector.dll
571 [1716] INFO perfrun.launcher <> - set environment variable: INTEL_LIBITTNOTIFY64 = D:\Program Files (x86)\Intel\oneAPI\vtune\2026.2\bin64\runtime\ittnotify_collector.dll
571 [1716] INFO perfrun.launcher <> - set environment variable: INTEL_ITTNOTIFY_GROUPS = 
572 [1716] INFO perfrun.launcher <> - set environment variable: INTEL_JIT_PROFILER32 = D:\Program Files (x86)\Intel\oneAPI\vtune\2026.2\bin32\runtime\ittnotify_collector.dll
572 [1716] INFO perfrun.launcher <> - set environment variable: INTEL_JIT_PROFILER64 = D:\Program Files (x86)\Intel\oneAPI\vtune\2026.2\bin64\runtime\ittnotify_collector.dll
572 [1716] INFO perfrun.launcher <> - set environment variable: CCL_ITT_LEVEL = 1
572 [1716] INFO perfrun.launcher <> - set environment variable: ENABLE_JITPROFILING = 1
572 [1716] INFO perfrun.launcher <> - set environment variable: CL_CONFIG_USE_VTUNE = True
572 [1716] INFO perfrun.launcher <> - set environment variable: KMP_FORKJOIN_FRAMES = 0
572 [1716] INFO perfrun.launcher <> - set environment variable: KMP_FORKJOIN_FRAMES_MODE = 0
572 [1716] INFO perfrun.launcher <> - set environment variable: INTEL_MRTE_DATA_DIR = D:\Users\35239\PycharmProjects\AI_Project\output\vtune_results\histogram_20k\data.0
572 [1716] INFO perfrun.launcher <> - set environment variable: INTEL_MRTE_HOST_NAME = ChouGrok
572 [1716] INFO perfrun.launcher <> - set environment variable: JAVA_TOOL_OPTIONS = -agentlib:amplxe_samplingmrte_javaprof_1.0
572 [1716] INFO perfrun.launcher <> - set environment variable: PATH = D:\Program Files (x86)\Intel\oneAPI\vtune\2026.2\bin32\runtime;D:\Program Files (x86)\Intel\oneAPI\vtune\2026.2\bin64\runtime;C:\Program Files\NVIDIA GPU Computing Toolkit\CUDA\v12.8\bin;C:\Program Files\NVIDIA GPU Computing Toolkit\CUDA\v12.8\libnvvp;D:\Program Files (x86)\VMware\VMware Workstation\bin\;C:\Program Files\Common Files\Oracle\Java\javapath;C:\Windows\system32;C:\Windows\System32\Wbem;C:\Windows\System32\WindowsPowerShell\v1.0\;C:\Windows\System32\OpenSSH\;C:\Program Files (x86)\NVIDIA Corporation\PhysX\Common;D:\Program Files\MATLAB\R2022b\runtime\win64;D:\Program Files\MATLAB\R2022b\bin;C:\Program Files\Microsoft SQL Server\130\Tools\Binn\;C:\Program Files\nodejs;C:\Users\35239\AppData\Local\Huawei\ohpm\bin;D:\MinGW64\mingw64\mingw64\bin;C:\ProgramData\Microsoft\Windows\Start Menu\Programs\MySQL\MySQL Server 8.0;C:\Program Files\NVIDIA Corporation\NVIDIA app\NvDLISR;C:\Program Files\MySQL\MySQL Server 8.0\bin;D:\Git\cmd;"D:\Program Files\Java\jdk-17\bin;D:\cxdownload\apache-tomcat-11.0.4-windows-x64\apache-tomcat-11.0.4\bin";C:\Program Files\NVIDIA Corporation\Nsight Compute 2025.1.1\;C:\WINDOWS\system32;C:\WINDOWS;C:\WINDOWS\System32\Wbem;C:\WINDOWS\System32\WindowsPowerShell\v1.0\;C:\WINDOWS\System32\OpenSSH\;D:\apache-maven-3.9.9\apache-maven-3.9.9\bin;D:\35239\Android\SDK\platform-tools;D:\Windows Kits\10\Windows Performance Toolkit\;C:\Users\35239\AppData\Local\Microsoft\WindowsApps;D:\Program Files\LINGO64_21\;D:\Users\35239\AppData\Local\Programs\MiKTeX\miktex\bin\x64;D:\Program Files\cursor\resources\app\bin;GRADLE_USER_HOME=D:\GradleCache;D:\Program Files (x86)\NetSarang\Xshell 8\;D:\Program Files\PuTTY\;D:\Program Files\Calibre2\;C:\Program Files (x86)\STMicroelectronics\STM32 ST-LINK Utility\ST-LINK Utility;C:\Users\35239\AppData\Local\agy\bin;C:\Windows;C:\Program Files\NVIDIA Corporation\NVIDIA NvDLISR;D:\MinGW64\mingw64\mingw-w64-v11.0.0\mingw-w64-crt\crt;C:\Users\35239\AppData\Local\Programs\Python\Launcher\;%DevEco Studio%;C:\Users\35239\AppData\Roaming\npm;D:\Microsoft VS Code\bin;D:\Program Files\JetBrains\IntelliJ IDEA Community Edition 2024.3.4\bin;D:\Program Files\JetBrains\IntelliJ IDEA 2024.3.4\bin;D:\Program Files\OpenSSL-Win64\bin;D:\GlobalNodeModules;D:\JetBrains Gateway 2025.2.3\bin;D:\Users\35239\AppData\Local\Programs\MiKTeX\miktex\bin\x64\;D:\Users\35239\AppData\Local\Programs\Antigravity\bin;D:\Program Files\JetBrains\PyCharm 2025.3.3\bin;C:\Users\35239\.qoder\bin\qodercli;D:\Users\35239\AppData\Local\Programs\Qoder\bin;D:\Users\35239\AppData\Local\Programs\QoderCN\bin
572 [1716] INFO perfrun.launcher <> - set environment variable: COR_ENABLE_PROFILING = 1
572 [1716] INFO perfrun.launcher <> - set environment variable: COR_PROFILER = {AA5E4821-E3B1-479c-B7FF-5AD047D22CED}
572 [1716] INFO perfrun.launcher <> - set environment variable: COMPLUS_ProfAPI_ProfilerCompatibilitySetting = EnableV2Profiler
572 [1716] INFO perfrun.launcher <> - set environment variable: CORECLR_ENABLE_PROFILING = 1
573 [1716] INFO perfrun.launcher <> - set environment variable: CORECLR_PROFILER = {AA5E4821-E3B1-479c-B7FF-5AD047D22CED}
573 [1716] INFO perfrun.launcher <> - set environment variable: CORECLR_PROFILER_PATH = D:\Program Files (x86)\Intel\oneAPI\vtune\2026.2\bin64/amplxe_samplingmrte_clrprof_1.0.dll
573 [1716] INFO perfrun.launcher <> - set environment variable: INTEL_MRTE_PROFILER_MODE = mixed
573 [1716] INFO perfrun.launcher <> - RpcServer: run RPC server to handle requests
579 [1716] INFO perfrun.sdk <> - IProcessUtil: the given executable 'D:\Users\35239\PycharmProjects\AI_Project\.venv_web313\Scripts\python.exe' is valid.
580 [1716] INFO perfrun.launcher <> - Launcher: command line to start before modification = D:\Users\35239\PycharmProjects\AI_Project\.venv_web313\Scripts\python.exe D:\Users\35239\PycharmProjects\AI_Project\_wsl_cache_measure.py --algo histogram --samples 20000
580 [1716] INFO perfrun.launcher <> - Launcher: command line to start after modification = D:\Users\35239\PycharmProjects\AI_Project\.venv_web313\Scripts\python.exe D:\Users\35239\PycharmProjects\AI_Project\_wsl_cache_measure.py --algo histogram --samples 20000
580 [1716] INFO perfrun.launcher <> - ProcessCreator object was created
583 [1716] INFO perfrun.launcher <> - Launcher: the process was started in suspend mode
590 [5736] INFO perfrun.itt <> - start itt controller for pid #18960
591 [5736] INFO perfrun.sdk <> - runCmd: "D:\Program Files (x86)\Intel\oneAPI\vtune\2026.2\bin64\sep.exe" -start -experimental -uem timer=10 -em factor=5 -p-state trigger=CPU_CLK_UNHALTED.REF_TSC -out D:\Users\35239\PycharmProjects\AI_Project\output\vtune_results\histogram_20k\data.0\sep1668.20260614T013005.390887 -ec INST_RETIRED.ANY:sample:sa=3187000,CPU_CLK_UNHALTED.THREAD:sa=3187000,CPU_CLK_UNHALTED.REF_TSC:sample:sa=3187000,TOPDOWN.BR_MISPREDICT_SLOTS,OCR.DEMAND_DATA_RD.L3_HIT.SNOOP_HITM,OCR.DEMAND_DATA_RD.L3_HIT.SNOOP_HIT_WITH_FWD,DECODE.LCP,CPU_CLK_UNHALTED.DISTRIBUTED:sa=3187000,TOPDOWN.SLOTS_P,ARITH.DIVIDER_ACTIVE,ARITH.DIV_ACTIVE,OCR.DEMAND_RFO.L3_HIT.SNOOP_HITM,OCR.STREAMING_WR.ANY_RESPONSE,DSB2MITE_SWITCHES.PENALTY_CYCLES,DTLB_LOAD_MISSES.STLB_HIT:cmask=1,ASSISTS.ANY,BR_INST_RETIRED.ALL_BRANCHES,BR_INST_RETIRED.NEAR_CALL,BR_MISP_RETIRED.ALL_BRANCHES,DTLB_LOAD_MISSES.WALK_ACTIVE,DTLB_STORE_MISSES.STLB_HIT:cmask=1,DTLB_STORE_MISSES.WALK_ACTIVE,ICACHE_DATA.STALLS,CPU_CLK_UNHALTED.C02,CPU_CLK_UNHALTED.THREAD_P,CYCLE_ACTIVITY.CYCLES_MEM_ANY,CYCLE_ACTIVITY.STALLS_TOTAL,ICACHE_TAG.STALLS,IDQ.MS_CYCLES_ANY,L1D_PEND_MISS.FB_FULL,L1D_PEND_MISS.L2_STALLS,EXE_ACTIVITY.1_PORTS_UTIL,EXE_ACTIVITY.2_3_PORTS_UTIL,EXE_ACTIVITY.2_PORTS_UTIL,EXE_ACTIVITY.BOUND_ON_LOADS,L1D_PEND_MISS.PENDING,L2_RQSTS.ALL_RFO,L2_RQSTS.RFO_HIT,LD_BLOCKS.NO_SR,EXE_ACTIVITY.BOUND_ON_STORES,EXE_ACTIVITY.EXE_BOUND_0_PORTS,FP_ARITH_DISPATCHED.PORT_0,FP_ARITH_DISPATCHED.PORT_1,LD_BLOCKS.STORE_FORWARD,MEMORY_ACTIVITY.CYCLES_L1D_MISS,MEMORY_ACTIVITY.STALLS_L1D_MISS,MEMORY_ACTIVITY.STALLS_L2_MISS,FP_ARITH_DISPATCHED.PORT_5,FP_ARITH_INST_RETIRED.128B_PACKED_DOUBLE:sa=2000003,FP_ARITH_INST_RETIRED.128B_PACKED_SINGLE:sa=2000003,FP_ARITH_INST_RETIRED.256B_PACKED_DOUBLE:sa=2000003,MEMORY_ACTIVITY.STALLS_L3_MISS,MEM_INST_RETIRED.ALL_LOADS,MEM_INST_RETIRED.ALL_STORES,MEM_INST_RETIRED.LOCK_LOADS,FP_ARITH_INST_RETIRED.256B_PACKED_SINGLE:sa=2000003,FP_ARITH_INST_RETIRED.4_FLOPS,FP_ARITH_INST_RETIRED.SCALAR,FP_ARITH_INST_RETIRED.SCALAR_DOUBLE:sa=2000003,MEM_INST_RETIRED.SPLIT_LOADS,MEM_INST_RETIRED.SPLIT_STORES,MEM_INST_RETIRED.STLB_MISS_LOADS,MEM_INST_RETIRED.STLB_MISS_STORES,FP_ARITH_INST_RETIRED.SCALAR_SINGLE:sa=2000003,FP_ARITH_INST_RETIRED.VECTOR,FRONTEND_RETIRED.DSB_MISS,MEM_LOAD_COMPLETED.L1_MISS_ANY,MEM_LOAD_L3_HIT_RETIRED.XSNP_FWD,MEM_LOAD_L3_HIT_RETIRED.XSNP_MISS,MEM_LOAD_L3_HIT_RETIRED.XSNP_NO_FWD,FRONTEND_RETIRED.L2_MISS,MEM_LOAD_RETIRED.FB_HIT,MEM_LOAD_RETIRED.L1_HIT,MEM_LOAD_RETIRED.L1_MISS,MEM_LOAD_RETIRED.L2_HIT,FRONTEND_RETIRED.LATENCY_GE_16,MEM_LOAD_RETIRED.L3_HIT,MEM_LOAD_RETIRED.L3_MISS,MEM_STORE_RETIRED.L2_HIT,OFFCORE_REQUESTS_OUTSTANDING.ALL_DATA_RD:cmask=4,FRONTEND_RETIRED.LATENCY_GE_4,OFFCORE_REQUESTS_OUTSTANDING.CYCLES_WITH_DATA_RD,OFFCORE_REQUESTS_OUTSTANDING.CYCLES_WITH_DEMAND_RFO,XQ.FULL_CYCLES,IDQ.DSB_CYCLES_ANY,FRONTEND_RETIRED.MS_FLOWS,IDQ.DSB_CYCLES_OK,IDQ.DSB_UOPS,IDQ.MITE_CYCLES_ANY,IDQ.MITE_CYCLES_OK,FRONTEND_RETIRED.STLB_MISS,INST_DECODED.DECODERS:cmask=1,INST_DECODED.DECODERS:cmask=2,ITLB_MISSES.WALK_ACTIVE,ITLB_MISSES.WALK_COMPLETED_2M_4M,FRONTEND_RETIRED.UNKNOWN_BRANCH,IDQ_BUBBLES.CORE,IDQ_BUBBLES.CYCLES_0_UOPS_DELIV.CORE,INST_RETIRED.NOP,ITLB_MISSES.WALK_COMPLETED_4K,OFFCORE_REQUESTS_OUTSTANDING.CYCLES_WITH_DEMAND_CODE_RD,DTLB_LOAD_MISSES.WALK_COMPLETED_1G,DTLB_LOAD_MISSES.WALK_COMPLETED_2M_4M,INST_RETIRED.REP_ITERATION,INT_MISC.CLEARS_COUNT,INT_MISC.CLEAR_RESTEER_CYCLES,INT_MISC.UNKNOWN_BRANCH_CYCLES,DTLB_LOAD_MISSES.WALK_COMPLETED_4K,DTLB_STORE_MISSES.WALK_COMPLETED_1G,DTLB_STORE_MISSES.WALK_COMPLETED_2M_4M,DTLB_STORE_MISSES.WALK_COMPLETED_4K,INT_MISC.UOP_DROPPING,MACHINE_CLEARS.COUNT,MACHINE_CLEARS.MEMORY_ORDERING,RESOURCE_STALLS.SCOREBOARD,RS.EMPTY_RESOURCE,TOPDOWN.BACKEND_BOUND_SLOTS,TOPDOWN.MEMORY_BOUND_SLOTS,UOPS_EXECUTED.CYCLES_GE_3,UOPS_ISSUED.ANY,UOPS_RETIRED.HEAVY,UOPS_RETIRED.MS,UOPS_RETIRED.MS:cmask=1,UOPS_RETIRED.MS:cmask=1:e=yes,UOPS_RETIRED.SLOTS:sa=2000003,FRONTEND_RETIRED.ANY_DSB_MISS,FRONTEND_RETIRED.LATENCY_GE_2_BUBBLES_GE_1,LSD.CYCLES_ACTIVE,LSD.CYCLES_OK,LSD.UOPS,ARITH.FPDIV_ACTIVE,ASSISTS.SSE_AVX_MIX,CPU_CLK_UNHALTED.C01,CPU_CLK_UNHALTED.PAUSE,CPU_CLK_UNHALTED.PAUSE_INST,MISC2_RETIRED.LFENCE,UOPS_DISPATCHED.PORT_0,UOPS_DISPATCHED.PORT_1,UOPS_DISPATCHED.PORT_2_3_10,UOPS_DISPATCHED.PORT_4_9,UOPS_DISPATCHED.PORT_5_11,UOPS_DISPATCHED.PORT_6,UOPS_DISPATCHED.PORT_7_8,UOPS_EXECUTED.THREAD:sa=2000003,UOPS_EXECUTED.X87:sa=2000003,ASSISTS.FP,ASSISTS.PAGE_FAULT,INST_RETIRED.MACRO_FUSED,INT_VEC_RETIRED.ADD_128,INT_VEC_RETIRED.ADD_256,INT_VEC_RETIRED.MUL_256,INT_VEC_RETIRED.SHUFFLES,INT_VEC_RETIRED.VNNI_128,INT_VEC_RETIRED.VNNI_256,MEM_UOP_RETIRED.ANY,MEM_BOUND_STALLS.LOAD,MEM_BOUND_STALLS.LOAD_DRAM_HIT,MEM_BOUND_STALLS.LOAD_L2_HIT,MEM_BOUND_STALLS.LOAD_LLC_HIT,TOPDOWN_BE_BOUND.ALL,TOPDOWN_FE_BOUND.ALL,TOPDOWN_RETIRING.ALL,TOPDOWN_FE_BOUND.BRANCH_DETECT,TOPDOWN_FE_BOUND.BRANCH_RESTEER,TOPDOWN_FE_BOUND.CISC,TOPDOWN_FE_BOUND.DECODE,TOPDOWN_FE_BOUND.FRONTEND_LATENCY,TOPDOWN_FE_BOUND.ICACHE,TOPDOWN_FE_BOUND.ITLB,TOPDOWN_FE_BOUND.OTHER,TOPDOWN_FE_BOUND.PREDECODE,TOPDOWN_BAD_SPECULATION.FASTNUKE,TOPDOWN_BAD_SPECULATION.MISPREDICT,TOPDOWN_BAD_SPECULATION.NUKE,LD_HEAD.L1_BOUND_AT_RET,LD_HEAD.WCB_FULL,MEM_SCHEDULER_BLOCK.ALL,MEM_SCHEDULER_BLOCK.ST_BUF,SERIALIZATION.C01_MS_SCB,SERIALIZATION.NON_C01_MS_SCB,TOPDOWN_BE_BOUND.ALLOC_RESTRICTIONS,TOPDOWN_BE_BOUND.MEM_SCHEDULER,TOPDOWN_BE_BOUND.SERIALIZATION,MEM_UOPS_RETIRED.ALL,MEM_UOPS_RETIRED.ALL_LOADS,MEM_UOPS_RETIRED.ALL_STORES,UOPS_RETIRED.FPDIV,UOPS_RETIRED.IDIV, -d 0 -uem factor=10
596 [5736] INFO perfrun.sdk <> - runCmd started PID 26780
1106 [1716] INFO perfrun.launcher <> - Launcher: all plugins were started
1106 [1716] INFO perfrun.launcher <> - DirectoryMonitor object was created
1106 [1716] INFO perfrun.launcher <> - DirectoryMonitor: a callback was added
1106 [1716] INFO perfrun.launcher <> - DirectoryMonitor was started with pingTime = 1000
1106 [1716] INFO perfrun.launcher <> - DeadlineTimer is going to be constructed
1106 [1716] INFO perfrun.launcher <> - DeadlineTimer: a callback was added
1115 [1716] INFO perfrun.launcher <> - Launcher: resume the profiled application and  wait its termination or stop command
3431 [1716] INFO perfrun.launcher <> - Launcher: the profiled application was terminated  with exit code = 0
3439 [5736] INFO perfrun.itt <> - detach itt controller
3439 [5736] INFO perfrun.itt <> - detach itt controller done
3439 [5736] INFO perfrun.sdk <> - runCmd: "D:\Program Files (x86)\Intel\oneAPI\vtune\2026.2\bin64\sep.exe" -stop
3444 [5736] INFO perfrun.sdk <> - runCmd started PID 21364
4235 [5736] INFO perfrun.sepdk <> - Sampling successfully stopped.

4235 [5736] INFO perfrun.sepdk <> - Waiting for main SEP process (26780) to finish...
4239 [5736] INFO perfrun.sepdk <> - Main SEP process finished
4240 [5736] INFO perfrun.sdk <> - De-allocating TMU: D:\Users\35239\PycharmProjects\AI_Project\output\vtune_results\histogram_20k\data.0\systemcollector-28384-ChouGrok.sc
4259 [5736] INFO perfrun.system <> - closed the system trace file: D:\Users\35239\PycharmProjects\AI_Project\output\vtune_results\histogram_20k\data.0\systemcollector-28384-ChouGrok.sc
4259 [1716] INFO perfrun.launcher <> - Launcher: all plugins were stopped.
4259 [1716] INFO perfrun.launcher <> - DeadlineTimer is going to be destroyed
4259 [1716] INFO perfrun.launcher <> - DeadlineTimer was destroyed
4259 [1716] INFO perfrun.launcher <> - DirectoryMonitor object was destroyed
4259 [1716] WARN perfrun.launcher <> - Stop command is ignored because it is received when collection is already stopped, at file: vcs\perfrun1\launcher\src\command_handler.cpp:226
4261 [1716] INFO perfrun.launcher <> - Application exit code: 0
4261 [1716] INFO perfrun.launcher <> - Exit code: 0
